<?xml version="1.0" encoding="UTF-8"?>
<!-- Generated by org.testng.reporters.JUnitXMLReporter -->
<testsuite ignored="0" hostname="DESKTOP-FLRTV86" failures="0" tests="1" name="Surefire test" time="0.025" errors="0" timestamp="14 Apr 2026 06:07:46 GMT">
  <testcase classname="testCases.TC_AccountRegistrationTest" name="@BeforeClass setup" time="0.0">
    <failure type="org.testng.TestNGException" message="
Parameter &amp;apos;os&amp;apos; is required by BeforeClass on method setup but has not been marked @Optional or defined
">
      <![CDATA[org.testng.TestNGException: 
Parameter 'os' is required by BeforeClass on method setup but has not been marked @Optional or defined

... Removed 28 stack frames]]>
    </failure>
  </testcase> <!-- @BeforeClass setup -->
  <testcase classname="testCases.TC_AccountRegistrationTest" name="@AfterClass tearDown" time="0.0">
    <skipped/>
  </testcase> <!-- @AfterClass tearDown -->
  <testcase classname="testCases.TC_AccountRegistrationTest" name="Verify_registration" time="0.0">
    <skipped/>
  </testcase> <!-- Verify_registration -->
</testsuite> <!-- Surefire test -->
