<?xml version="1.0" encoding="UTF-8"?>
<testng-results ignored="0" total="1" passed="1" failed="0" skipped="0">
  <reporter-output>
  </reporter-output>
  <suite started-at="2026-04-28T03:07:51Z" name="Default suite" finished-at="2026-04-28T03:07:51Z" duration-ms="32">
    <groups>
    </groups>
    <test started-at="2026-04-28T03:07:51Z" name="Default test" finished-at="2026-04-28T03:07:51Z" duration-ms="32">
      <class name="day43.pack.C2">
        <test-method is-config="true" signature="bt()[pri:0, instance:day43.pack.C2@4007f65e]" started-at="2026-04-28T03:07:51Z" name="bt" finished-at="2026-04-28T03:07:51Z" duration-ms="9" status="PASS">
          <reporter-output>
          </reporter-output>
        </test-method> <!-- bt -->
        <test-method signature="abc()[pri:0, instance:day43.pack.C2@4007f65e]" started-at="2026-04-28T03:07:51Z" name="abc" finished-at="2026-04-28T03:07:51Z" duration-ms="10" status="PASS">
          <reporter-output>
          </reporter-output>
        </test-method> <!-- abc -->
      </class> <!-- day43.pack.C2 -->
    </test> <!-- Default test -->
  </suite> <!-- Default suite -->
</testng-results>
